\BOOKMARK [1][-]{section.1}{\376\377\000R\000e\000l\000a\000t\000e\000d\000\040\000W\000o\000r\000k}{}% 1
\BOOKMARK [2][-]{subsection.1.1}{\376\377\000F\000o\000u\000n\000d\000a\000t\000i\000o\000n\000s\000\040\000o\000f\000\040\000C\000y\000b\000e\000r\000s\000e\000c\000u\000r\000i\000t\000y\000\040\000a\000n\000d\000\040\000G\000a\000m\000e\000\040\000T\000h\000e\000o\000r\000y}{section.1}% 2
\BOOKMARK [2][-]{subsection.1.2}{\376\377\000M\000a\000c\000h\000i\000n\000e\000\040\000L\000e\000a\000r\000n\000i\000n\000g\000\040\000i\000n\000\040\000C\000y\000b\000e\000r\000s\000e\000c\000u\000r\000i\000t\000y}{section.1}% 3
\BOOKMARK [2][-]{subsection.1.3}{\376\377\000R\000e\000i\000n\000f\000o\000r\000c\000e\000m\000e\000n\000t\000\040\000L\000e\000a\000r\000n\000i\000n\000g\000\040\000f\000o\000r\000\040\000C\000y\000b\000e\000r\000\040\000D\000e\000f\000e\000n\000s\000e}{section.1}% 4
\BOOKMARK [2][-]{subsection.1.4}{\376\377\000A\000d\000v\000e\000r\000s\000a\000r\000i\000a\000l\000\040\000M\000u\000l\000t\000i\000-\000A\000g\000e\000n\000t\000\040\000R\000e\000i\000n\000f\000o\000r\000c\000e\000m\000e\000n\000t\000\040\000L\000e\000a\000r\000n\000i\000n\000g}{section.1}% 5
\BOOKMARK [2][-]{subsection.1.5}{\376\377\000C\000y\000b\000e\000r\000\040\000D\000e\000c\000e\000p\000t\000i\000o\000n\000\040\000a\000n\000d\000\040\000D\000e\000f\000e\000n\000s\000i\000v\000e\000\040\000S\000t\000r\000a\000t\000e\000g\000i\000e\000s}{section.1}% 6
\BOOKMARK [2][-]{subsection.1.6}{\376\377\000S\000e\000l\000f\000-\000P\000l\000a\000y\000\040\000a\000n\000d\000\040\000A\000d\000v\000e\000r\000s\000a\000r\000i\000a\000l\000\040\000T\000r\000a\000i\000n\000i\000n\000g}{section.1}% 7
\BOOKMARK [2][-]{subsection.1.7}{\376\377\000C\000u\000r\000r\000e\000n\000t\000\040\000S\000t\000a\000t\000e\000-\000o\000f\000-\000t\000h\000e\000-\000A\000r\000t\000\040\000a\000n\000d\000\040\000R\000e\000s\000e\000a\000r\000c\000h\000\040\000G\000a\000p\000s}{section.1}% 8
\BOOKMARK [2][-]{subsection.1.8}{\376\377\000P\000o\000s\000i\000t\000i\000o\000n\000i\000n\000g\000\040\000o\000f\000\040\000O\000u\000r\000\040\000C\000o\000n\000t\000r\000i\000b\000u\000t\000i\000o\000n\000s}{section.1}% 9
\BOOKMARK [1][-]{section.2}{\376\377\000R\000e\000s\000e\000a\000r\000c\000h\000\040\000Q\000u\000e\000s\000t\000i\000o\000n\000s\000\040\000a\000n\000d\000\040\000N\000o\000v\000e\000l\000\040\000E\000x\000p\000e\000r\000i\000m\000e\000n\000t\000a\000l\000\040\000C\000o\000n\000t\000r\000i\000b\000u\000t\000i\000o\000n\000s}{}% 10
\BOOKMARK [2][-]{subsection.2.1}{\376\377\000P\000r\000i\000m\000a\000r\000y\000\040\000R\000e\000s\000e\000a\000r\000c\000h\000\040\000Q\000u\000e\000s\000t\000i\000o\000n\000s}{section.2}% 11
\BOOKMARK [2][-]{subsection.2.2}{\376\377\000N\000o\000v\000e\000l\000\040\000E\000x\000p\000e\000r\000i\000m\000e\000n\000t\000a\000l\000\040\000C\000o\000n\000t\000r\000i\000b\000u\000t\000i\000o\000n\000s}{section.2}% 12
\BOOKMARK [2][-]{subsection.2.3}{\376\377\000E\000x\000p\000e\000r\000i\000m\000e\000n\000t\000a\000l\000\040\000I\000m\000p\000a\000c\000t\000\040\000a\000n\000d\000\040\000V\000a\000l\000i\000d\000a\000t\000i\000o\000n}{section.2}% 13
\BOOKMARK [1][-]{section.3}{\376\377\000E\000n\000v\000i\000r\000o\000n\000m\000e\000n\000t}{}% 14
\BOOKMARK [2][-]{subsection.3.1}{\376\377\000D\000e\000c\000i\000s\000i\000o\000n\000-\000m\000a\000k\000i\000n\000g\000\040\000p\000r\000o\000b\000l\000e\000m\000\040\000o\000v\000e\000r\000v\000i\000e\000w}{section.3}% 15
\BOOKMARK [2][-]{subsection.3.2}{\376\377\000N\000e\000t\000w\000o\000r\000k\000\040\000R\000e\000p\000r\000e\000s\000e\000n\000t\000a\000t\000i\000o\000n\000\040\000a\000n\000d\000\040\000S\000t\000a\000t\000e\000\040\000S\000p\000a\000c\000e}{section.3}% 16
\BOOKMARK [3][-]{subsubsection.3.2.1}{\376\377\000M\000a\000t\000h\000e\000m\000a\000t\000i\000c\000a\000l\000\040\000F\000o\000u\000n\000d\000a\000t\000i\000o\000n}{subsection.3.2}% 17
\BOOKMARK [3][-]{subsubsection.3.2.2}{\376\377\000I\000m\000p\000l\000e\000m\000e\000n\000t\000a\000t\000i\000o\000n\000\040\000V\000e\000r\000i\000f\000i\000c\000a\000t\000i\000o\000n}{subsection.3.2}% 18
\BOOKMARK [2][-]{subsection.3.3}{\376\377\000R\000e\000d\000\040\000A\000g\000e\000n\000t\000\040\000\050\000A\000t\000t\000a\000c\000k\000e\000r\000\051}{section.3}% 19
\BOOKMARK [3][-]{subsubsection.3.3.1}{\376\377\000S\000t\000a\000t\000e\000\040\000S\000p\000a\000c\000e}{subsection.3.3}% 20
\BOOKMARK [3][-]{subsubsection.3.3.2}{\376\377\000A\000c\000t\000i\000o\000n\000\040\000S\000p\000a\000c\000e}{subsection.3.3}% 21
\BOOKMARK [3][-]{subsubsection.3.3.3}{\376\377\000R\000e\000w\000a\000r\000d\000\040\000F\000u\000n\000c\000t\000i\000o\000n}{subsection.3.3}% 22
\BOOKMARK [2][-]{subsection.3.4}{\376\377\000B\000l\000u\000e\000\040\000A\000g\000e\000n\000t\000\040\000\050\000D\000e\000f\000e\000n\000d\000e\000r\000\051}{section.3}% 23
\BOOKMARK [3][-]{subsubsection.3.4.1}{\376\377\000S\000t\000a\000t\000e\000\040\000S\000p\000a\000c\000e}{subsection.3.4}% 24
\BOOKMARK [3][-]{subsubsection.3.4.2}{\376\377\000I\000m\000p\000l\000e\000m\000e\000n\000t\000a\000t\000i\000o\000n\000\040\000D\000e\000t\000a\000i\000l\000s}{subsection.3.4}% 25
\BOOKMARK [3][-]{subsubsection.3.4.3}{\376\377\000A\000c\000t\000i\000o\000n\000\040\000S\000p\000a\000c\000e}{subsection.3.4}% 26
\BOOKMARK [3][-]{subsubsection.3.4.4}{\376\377\000R\000e\000w\000a\000r\000d\000\040\000F\000u\000n\000c\000t\000i\000o\000n}{subsection.3.4}% 27
\BOOKMARK [2][-]{subsection.3.5}{\376\377\000D\000i\000s\000t\000r\000i\000b\000u\000t\000i\000o\000n\000\040\000o\000f\000\040\000s\000t\000a\000t\000e\000\040\000t\000r\000a\000n\000s\000i\000t\000i\000o\000n\000s\000\040\000a\000n\000d\000\040\000r\000e\000w\000a\000r\000d\000s}{section.3}% 28
\BOOKMARK [1][-]{section.4}{\376\377\000A\000l\000g\000o\000r\000i\000t\000h\000m}{}% 29
\BOOKMARK [2][-]{subsection.4.1}{\376\377\000R\000e\000d\000\040\000A\000g\000e\000n\000t}{section.4}% 30
\BOOKMARK [3][-]{subsubsection.4.1.1}{\376\377\000B\000a\000s\000e\000l\000i\000n\000e\000:\000\040\000D\000e\000t\000e\000r\000m\000i\000n\000i\000s\000t\000i\000c\000\040\000K\000i\000l\000l\000-\000C\000h\000a\000i\000n\000\040\000A\000g\000e\000n\000t}{subsection.4.1}% 31
\BOOKMARK [3][-]{subsubsection.4.1.2}{\376\377\000A\000d\000a\000p\000t\000i\000v\000e\000\040\000C\000a\000m\000p\000a\000i\000g\000n\000\040\000A\000g\000e\000n\000t}{subsection.4.1}% 32
\BOOKMARK [2][-]{subsection.4.2}{\376\377\000B\000l\000u\000e\000\040\000A\000g\000e\000n\000t}{section.4}% 33
\BOOKMARK [3][-]{subsubsection.4.2.1}{\376\377\000B\000a\000s\000e\000l\000i\000n\000e\000:\000\040\000R\000a\000n\000d\000o\000m\000\040\000D\000e\000c\000o\000y\000\040\000P\000l\000a\000c\000e\000m\000e\000n\000t}{subsection.4.2}% 34
\BOOKMARK [3][-]{subsubsection.4.2.2}{\376\377\000P\000P\000O\000\040\000A\000l\000g\000o\000r\000i\000t\000h\000m}{subsection.4.2}% 35
\BOOKMARK [2][-]{subsection.4.3}{\376\377\000D\000e\000t\000e\000c\000t\000i\000o\000n\000\040\000a\000n\000d\000\040\000A\000l\000e\000r\000t\000\040\000M\000e\000c\000h\000a\000n\000i\000s\000m\000s}{section.4}% 36
\BOOKMARK [1][-]{section.5}{\376\377\000E\000v\000a\000l\000u\000a\000t\000i\000o\000n}{}% 37
\BOOKMARK [2][-]{subsection.5.1}{\376\377\000P\000r\000i\000m\000a\000r\000y\000\040\000S\000e\000c\000u\000r\000i\000t\000y\000\040\000M\000e\000t\000r\000i\000c\000s}{section.5}% 38
\BOOKMARK [3][-]{subsubsection.5.1.1}{\376\377\000D\000e\000c\000e\000p\000t\000i\000o\000n\000\040\000E\000f\000f\000e\000c\000t\000i\000v\000e\000n\000e\000s\000s}{subsection.5.1}% 39
\BOOKMARK [3][-]{subsubsection.5.1.2}{\376\377\000A\000s\000s\000e\000t\000\040\000P\000r\000o\000t\000e\000c\000t\000i\000o\000n\000\040\000R\000a\000t\000e}{subsection.5.1}% 40
\BOOKMARK [3][-]{subsubsection.5.1.3}{\376\377\000A\000t\000t\000a\000c\000k\000\040\000D\000e\000t\000e\000c\000t\000i\000o\000n\000\040\000L\000a\000t\000e\000n\000c\000y}{subsection.5.1}% 41
\BOOKMARK [2][-]{subsection.5.2}{\376\377\000O\000p\000e\000r\000a\000t\000i\000o\000n\000a\000l\000\040\000E\000f\000f\000i\000c\000i\000e\000n\000c\000y\000\040\000M\000e\000t\000r\000i\000c\000s}{section.5}% 42
\BOOKMARK [3][-]{subsubsection.5.2.1}{\376\377\000R\000e\000s\000o\000u\000r\000c\000e\000\040\000E\000f\000f\000i\000c\000i\000e\000n\000c\000y}{subsection.5.2}% 43
\BOOKMARK [3][-]{subsubsection.5.2.2}{\376\377\000F\000a\000l\000s\000e\000\040\000P\000o\000s\000i\000t\000i\000v\000e\000\040\000R\000a\000t\000e}{subsection.5.2}% 44
\BOOKMARK [2][-]{subsection.5.3}{\376\377\000S\000t\000r\000a\000t\000e\000g\000i\000c\000\040\000L\000e\000a\000r\000n\000i\000n\000g\000\040\000M\000e\000t\000r\000i\000c\000s}{section.5}% 45
\BOOKMARK [3][-]{subsubsection.5.3.1}{\376\377\000T\000o\000t\000a\000l\000\040\000E\000x\000p\000e\000c\000t\000e\000d\000\040\000R\000e\000w\000a\000r\000d}{subsection.5.3}% 46
\BOOKMARK [3][-]{subsubsection.5.3.2}{\376\377\000S\000t\000r\000a\000t\000e\000g\000i\000c\000\040\000A\000d\000a\000p\000t\000a\000t\000i\000o\000n\000\040\000I\000n\000d\000e\000x}{subsection.5.3}% 47
\BOOKMARK [3][-]{subsubsection.5.3.3}{\376\377\000M\000e\000a\000n\000\040\000T\000i\000m\000e\000\040\000t\000o\000\040\000C\000o\000m\000p\000r\000o\000m\000i\000s\000e\000\040\000\050\000M\000T\000T\000C\000\051}{subsection.5.3}% 48
\BOOKMARK [2][-]{subsection.5.4}{\376\377\000N\000e\000t\000w\000o\000r\000k\000-\000S\000p\000e\000c\000i\000f\000i\000c\000\040\000M\000e\000t\000r\000i\000c\000s}{section.5}% 49
\BOOKMARK [3][-]{subsubsection.5.4.1}{\376\377\000C\000o\000v\000e\000r\000a\000g\000e\000\040\000Q\000u\000a\000l\000i\000t\000y}{subsection.5.4}% 50
\BOOKMARK [3][-]{subsubsection.5.4.2}{\376\377\000A\000t\000t\000a\000c\000k\000\040\000S\000u\000r\000f\000a\000c\000e\000\040\000R\000e\000d\000u\000c\000t\000i\000o\000n}{subsection.5.4}% 51
\BOOKMARK [1][-]{section.6}{\376\377\000C\000o\000m\000p\000r\000e\000h\000e\000n\000s\000i\000v\000e\000\040\000E\000x\000p\000e\000r\000i\000m\000e\000n\000t\000a\000l\000\040\000M\000e\000t\000h\000o\000d\000o\000l\000o\000g\000y}{}% 52
\BOOKMARK [2][-]{subsection.6.1}{\376\377\000S\000e\000v\000e\000n\000-\000P\000h\000a\000s\000e\000\040\000P\000r\000o\000g\000r\000e\000s\000s\000i\000v\000e\000\040\000T\000r\000a\000i\000n\000i\000n\000g\000\040\000F\000r\000a\000m\000e\000w\000o\000r\000k}{section.6}% 53
\BOOKMARK [3][-]{subsubsection.6.1.1}{\376\377\000P\000h\000a\000s\000e\000\040\0001\000:\000\040\000S\000y\000s\000t\000e\000m\000\040\000V\000a\000l\000i\000d\000a\000t\000i\000o\000n\000\040\000a\000n\000d\000\040\000I\000n\000f\000r\000a\000s\000t\000r\000u\000c\000t\000u\000r\000e\000\040\000T\000e\000s\000t\000i\000n\000g}{subsection.6.1}% 54
\BOOKMARK [3][-]{subsubsection.6.1.2}{\376\377\000P\000h\000a\000s\000e\000\040\0002\000:\000\040\000B\000l\000u\000e\000\040\000A\000g\000e\000n\000t\000\040\000M\000a\000s\000t\000e\000r\000y\000\040\000-\000\040\000C\000o\000m\000p\000r\000e\000h\000e\000n\000s\000i\000v\000e\000\040\000D\000e\000f\000e\000n\000s\000e\000\040\000S\000t\000r\000a\000t\000e\000g\000y\000\040\000A\000n\000a\000l\000y\000s\000i\000s}{subsection.6.1}% 55
\BOOKMARK [3][-]{subsubsection.6.1.3}{\376\377\000P\000h\000a\000s\000e\000\040\0003\000:\000\040\000R\000e\000d\000\040\000A\000g\000e\000n\000t\000\040\000M\000a\000s\000t\000e\000r\000y\000\040\000-\000\040\000A\000t\000t\000a\000c\000k\000\040\000S\000t\000r\000a\000t\000e\000g\000y\000\040\000D\000i\000v\000e\000r\000s\000i\000f\000i\000c\000a\000t\000i\000o\000n}{subsection.6.1}% 56
\BOOKMARK [3][-]{subsubsection.6.1.4}{\376\377\000P\000h\000a\000s\000e\000\040\0004\000:\000\040\000C\000r\000o\000s\000s\000-\000E\000v\000a\000l\000u\000a\000t\000i\000o\000n\000\040\000M\000a\000t\000r\000i\000x\000\040\000-\000\040\000S\000y\000s\000t\000e\000m\000a\000t\000i\000c\000\040\000A\000g\000e\000n\000t\000\040\000I\000n\000t\000e\000r\000a\000c\000t\000i\000o\000n\000\040\000A\000n\000a\000l\000y\000s\000i\000s}{subsection.6.1}% 57
\BOOKMARK [3][-]{subsubsection.6.1.5}{\376\377\000P\000h\000a\000s\000e\000\040\0005\000:\000\040\000S\000U\000L\000I\000\040\000C\000o\000-\000E\000v\000o\000l\000u\000t\000i\000o\000n\000\040\000-\000\040\000N\000o\000v\000e\000l\000\040\000M\000u\000l\000t\000i\000-\000A\000g\000e\000n\000t\000\040\000T\000r\000a\000i\000n\000i\000n\000g}{subsection.6.1}% 58
\BOOKMARK [3][-]{subsubsection.6.1.6}{\376\377\000P\000h\000a\000s\000e\000\040\0006\000:\000\040\000S\000c\000a\000l\000a\000b\000i\000l\000i\000t\000y\000\040\000A\000n\000a\000l\000y\000s\000i\000s\000\040\000-\000\040\000P\000e\000r\000f\000o\000r\000m\000a\000n\000c\000e\000\040\000L\000i\000m\000i\000t\000s\000\040\000a\000n\000d\000\040\000O\000p\000t\000i\000m\000i\000z\000a\000t\000i\000o\000n}{subsection.6.1}% 59
\BOOKMARK [3][-]{subsubsection.6.1.7}{\376\377\000P\000h\000a\000s\000e\000\040\0007\000:\000\040\000R\000e\000s\000e\000a\000r\000c\000h\000\040\000E\000x\000t\000e\000n\000s\000i\000o\000n\000s\000\040\000-\000\040\000S\000t\000a\000t\000i\000s\000t\000i\000c\000a\000l\000\040\000A\000n\000a\000l\000y\000s\000i\000s\000\040\000a\000n\000d\000\040\000P\000u\000b\000l\000i\000c\000a\000t\000i\000o\000n\000\040\000R\000e\000a\000d\000i\000n\000e\000s\000s}{subsection.6.1}% 60
\BOOKMARK [2][-]{subsection.6.2}{\376\377\000E\000x\000p\000e\000r\000i\000m\000e\000n\000t\000a\000l\000\040\000I\000n\000f\000r\000a\000s\000t\000r\000u\000c\000t\000u\000r\000e\000\040\000a\000n\000d\000\040\000D\000a\000t\000a\000\040\000M\000a\000n\000a\000g\000e\000m\000e\000n\000t}{section.6}% 61
\BOOKMARK [3][-]{subsubsection.6.2.1}{\376\377\000H\000i\000g\000h\000-\000P\000e\000r\000f\000o\000r\000m\000a\000n\000c\000e\000\040\000C\000o\000m\000p\000u\000t\000i\000n\000g\000\040\000I\000n\000t\000e\000g\000r\000a\000t\000i\000o\000n}{subsection.6.2}% 62
\BOOKMARK [3][-]{subsubsection.6.2.2}{\376\377\000E\000v\000a\000l\000u\000a\000t\000i\000o\000n\000\040\000a\000n\000d\000\040\000M\000o\000n\000i\000t\000o\000r\000i\000n\000g\000\040\000F\000r\000a\000m\000e\000w\000o\000r\000k}{subsection.6.2}% 63
\BOOKMARK [2][-]{subsection.6.3}{\376\377\000E\000x\000p\000e\000c\000t\000e\000d\000\040\000R\000e\000s\000e\000a\000r\000c\000h\000\040\000O\000u\000t\000c\000o\000m\000e\000s\000\040\000a\000n\000d\000\040\000T\000i\000m\000e\000l\000i\000n\000e}{section.6}% 64
\BOOKMARK [1][-]{section.7}{\376\377\000E\000x\000p\000e\000r\000i\000m\000e\000n\000t\000a\000l\000\040\000R\000e\000s\000u\000l\000t\000s\000\040\000a\000n\000d\000\040\000A\000n\000a\000l\000y\000s\000i\000s}{}% 65
\BOOKMARK [2][-]{subsection.7.1}{\376\377\000T\000r\000a\000i\000n\000i\000n\000g\000\040\000P\000e\000r\000f\000o\000r\000m\000a\000n\000c\000e\000\040\000a\000n\000d\000\040\000C\000o\000n\000v\000e\000r\000g\000e\000n\000c\000e\000\040\000A\000n\000a\000l\000y\000s\000i\000s}{section.7}% 66
\BOOKMARK [3][-]{subsubsection.7.1.1}{\376\377\000P\000h\000a\000s\000e\000\040\0001\000:\000\040\000S\000y\000s\000t\000e\000m\000\040\000V\000a\000l\000i\000d\000a\000t\000i\000o\000n\000\040\000R\000e\000s\000u\000l\000t\000s}{subsection.7.1}% 67
\BOOKMARK [3][-]{subsubsection.7.1.2}{\376\377\000P\000h\000a\000s\000e\000\040\0002\000:\000\040\000B\000l\000u\000e\000\040\000A\000g\000e\000n\000t\000\040\000P\000e\000r\000f\000o\000r\000m\000a\000n\000c\000e\000\040\000M\000a\000t\000r\000i\000x}{subsection.7.1}% 68
\BOOKMARK [3][-]{subsubsection.7.1.3}{\376\377\000C\000o\000m\000p\000r\000e\000h\000e\000n\000s\000i\000v\000e\000\040\000E\000x\000p\000e\000r\000i\000m\000e\000n\000t\000a\000l\000\040\000V\000i\000s\000u\000a\000l\000i\000z\000a\000t\000i\000o\000n\000s}{subsection.7.1}% 69
\BOOKMARK [3][-]{subsubsection.7.1.4}{\376\377\000P\000h\000a\000s\000e\000\040\0003\000:\000\040\000R\000e\000d\000\040\000A\000g\000e\000n\000t\000\040\000S\000t\000r\000a\000t\000e\000g\000y\000\040\000D\000e\000v\000e\000l\000o\000p\000m\000e\000n\000t}{subsection.7.1}% 70
\BOOKMARK [3][-]{subsubsection.7.1.5}{\376\377\000P\000h\000a\000s\000e\000\040\0004\000:\000\040\000C\000o\000m\000p\000r\000e\000h\000e\000n\000s\000i\000v\000e\000\040\000E\000v\000a\000l\000u\000a\000t\000i\000o\000n\000\040\000M\000e\000t\000r\000i\000c\000s\000\040\000A\000n\000a\000l\000y\000s\000i\000s}{subsection.7.1}% 71
\BOOKMARK [3][-]{subsubsection.7.1.6}{\376\377\000P\000h\000a\000s\000e\000\040\0005\000:\000\040\000S\000U\000L\000I\000\040\000C\000o\000-\000E\000v\000o\000l\000u\000t\000i\000o\000n\000\040\000A\000n\000a\000l\000y\000s\000i\000s}{subsection.7.1}% 72
\BOOKMARK [3][-]{subsubsection.7.1.7}{\376\377\000P\000h\000a\000s\000e\000\040\0006\000:\000\040\000S\000c\000a\000l\000a\000b\000i\000l\000i\000t\000y\000\040\000V\000a\000l\000i\000d\000a\000t\000i\000o\000n}{subsection.7.1}% 73
\BOOKMARK [2][-]{subsection.7.2}{\376\377\000S\000t\000a\000t\000i\000s\000t\000i\000c\000a\000l\000\040\000S\000i\000g\000n\000i\000f\000i\000c\000a\000n\000c\000e\000\040\000a\000n\000d\000\040\000R\000e\000p\000r\000o\000d\000u\000c\000i\000b\000i\000l\000i\000t\000y}{section.7}% 74
\BOOKMARK [3][-]{subsubsection.7.2.1}{\376\377\000M\000u\000l\000t\000i\000-\000S\000e\000e\000d\000\040\000A\000n\000a\000l\000y\000s\000i\000s}{subsection.7.2}% 75
\BOOKMARK [3][-]{subsubsection.7.2.2}{\376\377\000R\000e\000p\000r\000o\000d\000u\000c\000i\000b\000i\000l\000i\000t\000y\000\040\000V\000a\000l\000i\000d\000a\000t\000i\000o\000n}{subsection.7.2}% 76
\BOOKMARK [2][-]{subsection.7.3}{\376\377\000R\000e\000s\000e\000a\000r\000c\000h\000\040\000C\000o\000n\000t\000r\000i\000b\000u\000t\000i\000o\000n\000s\000\040\000V\000a\000l\000i\000d\000a\000t\000i\000o\000n}{section.7}% 77
\BOOKMARK [3][-]{subsubsection.7.3.1}{\376\377\000C\0001\000:\000\040\000S\000U\000L\000I\000\040\000M\000e\000t\000h\000o\000d\000o\000l\000o\000g\000y\000\040\000V\000a\000l\000i\000d\000a\000t\000i\000o\000n}{subsection.7.3}% 78
\BOOKMARK [3][-]{subsubsection.7.3.2}{\376\377\000C\0002\000:\000\040\000D\000e\000c\000e\000p\000t\000i\000o\000n\000\040\000F\000r\000a\000m\000e\000w\000o\000r\000k\000\040\000E\000f\000f\000e\000c\000t\000i\000v\000e\000n\000e\000s\000s}{subsection.7.3}% 79
\BOOKMARK [3][-]{subsubsection.7.3.3}{\376\377\000C\0003\000:\000\040\000C\000r\000o\000s\000s\000-\000S\000t\000r\000a\000t\000e\000g\000y\000\040\000P\000e\000r\000f\000o\000r\000m\000a\000n\000c\000e\000\040\000A\000n\000a\000l\000y\000s\000i\000s}{subsection.7.3}% 80
\BOOKMARK [3][-]{subsubsection.7.3.4}{\376\377\000C\0004\000:\000\040\000S\000c\000a\000l\000a\000b\000i\000l\000i\000t\000y\000\040\000D\000e\000m\000o\000n\000s\000t\000r\000a\000t\000i\000o\000n}{subsection.7.3}% 81
\BOOKMARK [2][-]{subsection.7.4}{\376\377\000V\000i\000s\000u\000a\000l\000i\000z\000a\000t\000i\000o\000n\000\040\000a\000n\000d\000\040\000I\000n\000t\000e\000r\000a\000c\000t\000i\000v\000e\000\040\000A\000n\000a\000l\000y\000s\000i\000s}{section.7}% 82
\BOOKMARK [3][-]{subsubsection.7.4.1}{\376\377\000T\000r\000a\000i\000n\000i\000n\000g\000\040\000P\000r\000o\000g\000r\000e\000s\000s\000i\000o\000n\000\040\000V\000i\000s\000u\000a\000l\000i\000z\000a\000t\000i\000o\000n}{subsection.7.4}% 83
\BOOKMARK [3][-]{subsubsection.7.4.2}{\376\377\000R\000e\000s\000u\000l\000t\000\040\000E\000x\000p\000l\000o\000r\000a\000t\000i\000o\000n\000\040\000D\000a\000s\000h\000b\000o\000a\000r\000d}{subsection.7.4}% 84
\BOOKMARK [1][-]{section.8}{\376\377\000L\000i\000m\000i\000t\000a\000t\000i\000o\000n\000s}{}% 85
\BOOKMARK [2][-]{subsection.8.1}{\376\377\000S\000i\000m\000u\000l\000a\000t\000i\000o\000n\000\040\000E\000n\000v\000i\000r\000o\000n\000m\000e\000n\000t\000\040\000C\000o\000n\000s\000t\000r\000a\000i\000n\000t\000s}{section.8}% 86
\BOOKMARK [2][-]{subsection.8.2}{\376\377\000A\000t\000t\000a\000c\000k\000\040\000M\000o\000d\000e\000l\000\040\000S\000c\000o\000p\000e}{section.8}% 87
\BOOKMARK [2][-]{subsection.8.3}{\376\377\000C\000o\000m\000p\000u\000t\000a\000t\000i\000o\000n\000a\000l\000\040\000R\000e\000s\000o\000u\000r\000c\000e\000\040\000R\000e\000q\000u\000i\000r\000e\000m\000e\000n\000t\000s}{section.8}% 88
\BOOKMARK [2][-]{subsection.8.4}{\376\377\000E\000v\000a\000l\000u\000a\000t\000i\000o\000n\000\040\000T\000i\000m\000e\000f\000r\000a\000m\000e}{section.8}% 89
\BOOKMARK [2][-]{subsection.8.5}{\376\377\000R\000e\000a\000l\000-\000W\000o\000r\000l\000d\000\040\000D\000e\000p\000l\000o\000y\000m\000e\000n\000t\000\040\000C\000o\000n\000s\000i\000d\000e\000r\000a\000t\000i\000o\000n\000s}{section.8}% 90
\BOOKMARK [2][-]{subsection.8.6}{\376\377\000B\000a\000s\000e\000l\000i\000n\000e\000\040\000C\000o\000m\000p\000a\000r\000i\000s\000o\000n\000\040\000S\000c\000o\000p\000e}{section.8}% 91
\BOOKMARK [1][-]{section.9}{\376\377\000D\000i\000s\000c\000u\000s\000s\000i\000o\000n\000\040\000a\000n\000d\000\040\000F\000u\000t\000u\000r\000e\000\040\000W\000o\000r\000k}{}% 92
\BOOKMARK [2][-]{subsection.9.1}{\376\377\000R\000e\000s\000e\000a\000r\000c\000h\000\040\000I\000m\000p\000a\000c\000t\000\040\000a\000n\000d\000\040\000S\000i\000g\000n\000i\000f\000i\000c\000a\000n\000c\000e}{section.9}% 93
\BOOKMARK [3][-]{subsubsection.9.1.1}{\376\377\000M\000e\000t\000h\000o\000d\000o\000l\000o\000g\000i\000c\000a\000l\000\040\000C\000o\000n\000t\000r\000i\000b\000u\000t\000i\000o\000n\000s}{subsection.9.1}% 94
\BOOKMARK [3][-]{subsubsection.9.1.2}{\376\377\000P\000r\000a\000c\000t\000i\000c\000a\000l\000\040\000A\000p\000p\000l\000i\000c\000a\000t\000i\000o\000n\000s}{subsection.9.1}% 95
\BOOKMARK [2][-]{subsection.9.2}{\376\377\000L\000i\000m\000i\000t\000a\000t\000i\000o\000n\000s\000\040\000a\000n\000d\000\040\000C\000h\000a\000l\000l\000e\000n\000g\000e\000s}{section.9}% 96
\BOOKMARK [3][-]{subsubsection.9.2.1}{\376\377\000C\000u\000r\000r\000e\000n\000t\000\040\000L\000i\000m\000i\000t\000a\000t\000i\000o\000n\000s}{subsection.9.2}% 97
\BOOKMARK [3][-]{subsubsection.9.2.2}{\376\377\000T\000e\000c\000h\000n\000i\000c\000a\000l\000\040\000C\000h\000a\000l\000l\000e\000n\000g\000e\000s}{subsection.9.2}% 98
\BOOKMARK [2][-]{subsection.9.3}{\376\377\000F\000u\000t\000u\000r\000e\000\040\000R\000e\000s\000e\000a\000r\000c\000h\000\040\000D\000i\000r\000e\000c\000t\000i\000o\000n\000s}{section.9}% 99
\BOOKMARK [3][-]{subsubsection.9.3.1}{\376\377\000S\000h\000o\000r\000t\000-\000t\000e\000r\000m\000\040\000E\000x\000t\000e\000n\000s\000i\000o\000n\000s\000\040\000\050\0001\000-\0002\000\040\000y\000e\000a\000r\000s\000\051}{subsection.9.3}% 100
\BOOKMARK [3][-]{subsubsection.9.3.2}{\376\377\000M\000e\000d\000i\000u\000m\000-\000t\000e\000r\000m\000\040\000R\000e\000s\000e\000a\000r\000c\000h\000\040\000\050\0002\000-\0005\000\040\000y\000e\000a\000r\000s\000\051}{subsection.9.3}% 101
\BOOKMARK [3][-]{subsubsection.9.3.3}{\376\377\000L\000o\000n\000g\000-\000t\000e\000r\000m\000\040\000V\000i\000s\000i\000o\000n\000\040\000\050\0005\000+\000\040\000y\000e\000a\000r\000s\000\051}{subsection.9.3}% 102
\BOOKMARK [2][-]{subsection.9.4}{\376\377\000R\000e\000p\000r\000o\000d\000u\000c\000i\000b\000i\000l\000i\000t\000y\000\040\000a\000n\000d\000\040\000O\000p\000e\000n\000\040\000S\000c\000i\000e\000n\000c\000e}{section.9}% 103
\BOOKMARK [3][-]{subsubsection.9.4.1}{\376\377\000O\000p\000e\000n\000\040\000R\000e\000s\000e\000a\000r\000c\000h\000\040\000P\000l\000a\000t\000f\000o\000r\000m}{subsection.9.4}% 104
\BOOKMARK [3][-]{subsubsection.9.4.2}{\376\377\000R\000e\000s\000e\000a\000r\000c\000h\000\040\000I\000n\000f\000r\000a\000s\000t\000r\000u\000c\000t\000u\000r\000e}{subsection.9.4}% 105
\BOOKMARK [1][-]{section.10}{\376\377\000C\000o\000n\000c\000l\000u\000s\000i\000o\000n}{}% 106
